<?xml version="1.0" encoding="UTF-8"?>
<!-- Generated by org.testng.reporters.JUnitXMLReporter -->
<testsuite ignored="9" hostname="DESKTOP-BVIHG9S" failures="0" tests="0" time="7.064" errors="0" timestamp="2023-10-19T16:27:26 IST">
  <testcase classname="APIsecFree.ScanFree.ScansTest" name="InvalidTC1" time="0.0">
    <ignored/>
  </testcase> <!-- InvalidTC1 -->
  <testcase classname="APIsecFree.ScanFree.ScansTest" name="TroubleTC1" time="0.0">
    <ignored/>
  </testcase> <!-- TroubleTC1 -->
  <testcase classname="APIsecFree.ScanFree.ScansTest" name="FileUploadTC" time="0.0">
    <ignored/>
  </testcase> <!-- FileUploadTC -->
  <testcase classname="APIsecFree.ScanFree.ScansTest" name="FileUploadTCX" time="0.0">
    <ignored/>
  </testcase> <!-- FileUploadTCX -->
  <testcase classname="APIsecFree.ScanFree.ScansTest" name="ValidTC1" time="0.0">
    <ignored/>
  </testcase> <!-- ValidTC1 -->
  <testcase classname="APIsecFree.ScanFree.ScansTest" name="OASTC1" time="0.0">
    <ignored/>
  </testcase> <!-- OASTC1 -->
  <testcase classname="APIsecFree.ScanFree.ScansTest" name="BaseTC1" time="0.0">
    <ignored/>
  </testcase> <!-- BaseTC1 -->
  <testcase classname="APIsecFree.ScanFree.ScansTest" name="ProdTC1" time="0.0">
    <ignored/>
  </testcase> <!-- ProdTC1 -->
  <testcase classname="APIsecFree.ScanFree.ScansTest" name="MultipleTC" time="0.0">
    <ignored/>
  </testcase> <!-- MultipleTC -->
</testsuite>
