<?xml version="1.0" encoding="UTF-8"?>
<testng-results ignored="9" total="9" passed="0" failed="0" skipped="0">
  <reporter-output>
  </reporter-output>
  <suite started-at="2023-10-19T16:27:19 IST" name="Surefire suite" finished-at="2023-10-19T16:27:26 IST" duration-ms="7064">
    <groups>
    </groups>
    <test started-at="2023-10-19T16:27:19 IST" name="Surefire test" finished-at="2023-10-19T16:27:26 IST" duration-ms="7064">
      <class name="APIsecFree.ScanFree.ScansTest">
        <test-method is-config="true" signature="beforetest()[pri:0, instance:APIsecFree.ScanFree.ScansTest@7e7be63f]" started-at="2023-10-19T16:27:19 IST" name="beforetest" finished-at="2023-10-19T16:27:26 IST" duration-ms="7039" status="PASS">
          <reporter-output>
          </reporter-output>
        </test-method> <!-- beforetest -->
      </class> <!-- APIsecFree.ScanFree.ScansTest -->
    </test> <!-- Surefire test -->
  </suite> <!-- Surefire suite -->
</testng-results>
